Build started 12/11/2015 8:13:03 AM.
     1>Project "C:\Program Files (x86)\BWAPI\CS50BOT\CS50BOT.vcxproj" on node 2 (Build target(s)).
     1>ClCompile:
         C:\Program Files (x86)\Microsoft Visual Studio 12.0\VC\bin\CL.exe /c /I../include /Zi /nologo /W3 /WX- /MP /O2 /Oi /Oy- /GL /D NOMINMAX /D WIN32 /D NDEBUG /D _WINDOWS /D _USRDLL /D EXAMPLEAIMODULE_EXPORTS /D _WINDLL /Gm- /EHsc /MD /GS /Gy /fp:precise /Zc:wchar_t /Zc:forScope /Fo"Release\\" /Fd"Release\vc120.pdb" /Gd /TP /analyze- /errorReport:prompt Source\CombatManager.cpp
         CombatManager.cpp
       Link:
         C:\Program Files (x86)\Microsoft Visual Studio 12.0\VC\bin\link.exe /ERRORREPORT:PROMPT /OUT:"C:\Program Files (x86)\BWAPI\Release\CS50BOT.dll" /INCREMENTAL:NO /NOLOGO ../lib/BWAPI.lib kernel32.lib user32.lib gdi32.lib winspool.lib comdlg32.lib advapi32.lib shell32.lib ole32.lib oleaut32.lib uuid.lib odbc32.lib odbccp32.lib /MANIFEST /MANIFESTUAC:"level='asInvoker' uiAccess='false'" /manifest:embed /DEBUG /PDB:"C:\Program Files (x86)\BWAPI\Release\CS50BOT.pdb" /SUBSYSTEM:WINDOWS /OPT:REF /OPT:ICF /LTCG /TLBID:1 /DYNAMICBASE /NXCOMPAT /IMPLIB:"Release\CS50BOT.lib" /MACHINE:X86 /SAFESEH /DLL Release\BuildingManager.obj
         Release\BuildOrder.obj
         Release\CombatManager.obj
         Release\Core.obj
         Release\Dll.obj
         Release\CS50BOTModule.obj
         Release\ProductionManager.obj
         Release\DataManager.obj
         Release\WorkerManager.obj
            Creating library Release\CS50BOT.lib and object Release\CS50BOT.exp
         Generating code
         Finished generating code
         CS50BOT.vcxproj -> C:\Program Files (x86)\BWAPI\Release\CS50BOT.dll
     1>Done Building Project "C:\Program Files (x86)\BWAPI\CS50BOT\CS50BOT.vcxproj" (Build target(s)).

Build succeeded.

Time Elapsed 00:00:17.39
